[debug] [2021-12-09T11:00:56.374Z] ----------------------------------------------------------------------
[debug] [2021-12-09T11:00:56.375Z] Command:       C:\Program Files\nodejs\node.exe C:\Users\mrluk\AppData\Roaming\npm\node_modules\firebase-tools\lib\bin\firebase.js emulators:start --only functions
[debug] [2021-12-09T11:00:56.376Z] CLI Version:   9.23.0
[debug] [2021-12-09T11:00:56.376Z] Platform:      win32
[debug] [2021-12-09T11:00:56.376Z] Node Version:  v16.13.0
[debug] [2021-12-09T11:00:56.377Z] Time:          Thu Dec 09 2021 12:00:56 GMT+0100 (Central European Standard Time)
[debug] [2021-12-09T11:00:56.377Z] ----------------------------------------------------------------------
[debug] 
[debug] [2021-12-09T11:00:56.424Z] > command requires scopes: ["email","openid","https://www.googleapis.com/auth/cloudplatformprojects.readonly","https://www.googleapis.com/auth/firebase","https://www.googleapis.com/auth/cloud-platform"]
[debug] [2021-12-09T11:00:56.425Z] > authorizing via signed-in user (mr.lukas.schmidt@gmail.com)
[info] i  emulators: Starting emulators: functions {"metadata":{"emulator":{"name":"hub"},"message":"Starting emulators: functions"}}
[debug] [2021-12-09T11:00:56.442Z] [hub] writing locator at C:\Users\mrluk\AppData\Local\Temp\hub-mealstogo-885bc.json
[warn] !  functions: The following emulators are not running, calls to these services from the Functions emulator will affect production: auth, firestore, database, hosting, pubsub, storage {"metadata":{"emulator":{"name":"functions"},"message":"The following emulators are not running, calls to these services from the Functions emulator will affect production: \u001b[1mauth, firestore, database, hosting, pubsub, storage\u001b[22m"}}
[warn] !  Your requested "node" version "16.13.0" doesn't match your global version "16" {"metadata":{"emulator":{"name":"functions"},"message":"Your requested \"node\" version \"16.13.0\" doesn't match your global version \"16\""}}
[debug] [2021-12-09T11:00:56.486Z] defaultcredentials: writing to file C:\Users\mrluk\AppData\Roaming\firebase\mr_lukas.schmidt_gmail.com_application_default_credentials.json
[debug] [2021-12-09T11:00:56.487Z] Setting GAC to C:\Users\mrluk\AppData\Roaming\firebase\mr_lukas.schmidt_gmail.com_application_default_credentials.json {"metadata":{"emulator":{"name":"functions"},"message":"Setting GAC to C:\\Users\\mrluk\\AppData\\Roaming\\firebase\\mr_lukas.schmidt_gmail.com_application_default_credentials.json"}}
[debug] [2021-12-09T11:00:56.489Z] > refreshing access token with scopes: []
[debug] [2021-12-09T11:00:56.489Z] >>> HTTP REQUEST POST https://www.googleapis.com/oauth2/v3/token  
 <request body omitted>
[debug] [2021-12-09T11:00:56.627Z] <<< HTTP RESPONSE 200 {"date":"Thu, 09 Dec 2021 11:00:55 GMT","expires":"Mon, 01 Jan 1990 00:00:00 GMT","pragma":"no-cache","cache-control":"no-cache, no-store, max-age=0, must-revalidate","content-type":"application/json; charset=utf-8","vary":"X-Origin, Referer, Origin,Accept-Encoding","server":"scaffolding on HTTPServer2","x-xss-protection":"0","x-frame-options":"SAMEORIGIN","x-content-type-options":"nosniff","alt-svc":"h3=\":443\"; ma=2592000,h3-29=\":443\"; ma=2592000,h3-Q050=\":443\"; ma=2592000,h3-Q046=\":443\"; ma=2592000,h3-Q043=\":443\"; ma=2592000,quic=\":443\"; ma=2592000; v=\"46,43\"","accept-ranges":"none","transfer-encoding":"chunked"}
[debug] [2021-12-09T11:00:56.640Z] >>> [apiv2][query] GET https://firebase.googleapis.com/v1beta1/projects/mealstogo-885bc/adminSdkConfig [none]
[debug] [2021-12-09T11:00:56.987Z] <<< [apiv2][status] GET https://firebase.googleapis.com/v1beta1/projects/mealstogo-885bc/adminSdkConfig 200
[debug] [2021-12-09T11:00:56.987Z] <<< [apiv2][body] GET https://firebase.googleapis.com/v1beta1/projects/mealstogo-885bc/adminSdkConfig {"projectId":"mealstogo-885bc","storageBucket":"mealstogo-885bc.appspot.com"}
[info] i  ui: downloading ui-v1.6.4.zip... {"metadata":{"emulator":{"name":"ui"},"message":"downloading ui-v1.6.4.zip..."}}
[debug] [2021-12-09T11:00:57.003Z] >>> [apiv2][query] GET https://storage.googleapis.com/firebase-preview-drop/emulator/ui-v1.6.4.zip 
[debug] [2021-12-09T11:00:57.270Z] <<< [apiv2][status] GET https://storage.googleapis.com/firebase-preview-drop/emulator/ui-v1.6.4.zip 200
[debug] [2021-12-09T11:00:57.270Z] <<< [apiv2][body] GET https://storage.googleapis.com/firebase-preview-drop/emulator/ui-v1.6.4.zip [stream]
[debug] [2021-12-09T11:00:57.714Z] Ignoring unsupported arg: auto_download {"metadata":{"emulator":{"name":"ui"},"message":"Ignoring unsupported arg: auto_download"}}
[debug] [2021-12-09T11:00:57.715Z] Ignoring unsupported arg: port {"metadata":{"emulator":{"name":"ui"},"message":"Ignoring unsupported arg: port"}}
[debug] [2021-12-09T11:00:57.715Z] Starting Emulator UI with command {"binary":"node","args":["C:\\Users\\mrluk\\.cache\\firebase\\emulators\\ui-v1.6.4\\server.bundle.js"],"optionalArgs":[],"joinArgs":false} {"metadata":{"emulator":{"name":"ui"},"message":"Starting Emulator UI with command {\"binary\":\"node\",\"args\":[\"C:\\\\Users\\\\mrluk\\\\.cache\\\\firebase\\\\emulators\\\\ui-v1.6.4\\\\server.bundle.js\"],\"optionalArgs\":[],\"joinArgs\":false}"}}
[info] i  ui: Emulator UI logging to ui-debug.log {"metadata":{"emulator":{"name":"ui"},"message":"Emulator UI logging to \u001b[1mui-debug.log\u001b[22m"}}
[debug] [2021-12-09T11:00:57.814Z] Web / API server started at localhost:4000
 {"metadata":{"emulator":{"name":"ui"},"message":"Web / API server started at localhost:4000\n"}}
[info] i  functions: Watching "C:\Users\mrluk\Desktop\React Native\MealsToGo\MealsToGo\functions" for Cloud Functions... {"metadata":{"emulator":{"name":"functions"},"message":"Watching \"C:\\Users\\mrluk\\Desktop\\React Native\\MealsToGo\\MealsToGo\\functions\" for Cloud Functions..."}}
[debug] [2021-12-09T11:00:57.989Z] [worker-pool] addWorker(~diagnostic~) {"metadata":{"emulator":{"name":"functions"},"message":"[worker-pool] addWorker(~diagnostic~)"}}
[debug] [2021-12-09T11:00:57.989Z] [worker-pool] Adding worker with key ~diagnostic~, total=1 {"metadata":{"emulator":{"name":"functions"},"message":"[worker-pool] Adding worker with key ~diagnostic~, total=1"}}
[debug] [2021-12-09T11:00:57.989Z] [worker-pool] submitWork(triggerId=) {"metadata":{"emulator":{"name":"functions"},"message":"[worker-pool] submitWork(triggerId=)"}}
[debug] [2021-12-09T11:00:57.990Z] [worker-~diagnostic~-49dee504-9fcd-49e6-aa47-9187a4009f9e]: Assigning socketPath: \\?\pipe\C:\Users\mrluk\Desktop\React Native\MealsToGo\MealsToGo\functions\1732 {"metadata":{"emulator":{"name":"functions"},"message":"[worker-~diagnostic~-49dee504-9fcd-49e6-aa47-9187a4009f9e]: Assigning socketPath: \\\\?\\pipe\\C:\\Users\\mrluk\\Desktop\\React Native\\MealsToGo\\MealsToGo\\functions\\1732"}}
[debug] [2021-12-09T11:00:57.990Z] [worker-~diagnostic~-49dee504-9fcd-49e6-aa47-9187a4009f9e]: BUSY {"metadata":{"emulator":{"name":"functions"},"message":"[worker-~diagnostic~-49dee504-9fcd-49e6-aa47-9187a4009f9e]: BUSY"}}
[debug] [2021-12-09T11:00:58.137Z] [runtime-status] [1732] Functions runtime initialized. {"cwd":"C:\\Users\\mrluk\\Desktop\\React Native\\MealsToGo\\MealsToGo\\functions","node_version":"16.13.0"} {"metadata":{"emulator":{"name":"functions"},"message":"[runtime-status] [1732] Functions runtime initialized. {\"cwd\":\"C:\\\\Users\\\\mrluk\\\\Desktop\\\\React Native\\\\MealsToGo\\\\MealsToGo\\\\functions\",\"node_version\":\"16.13.0\"}"}}
[debug] [2021-12-09T11:00:58.138Z] [runtime-status] [1732] Disabled runtime features: undefined {"metadata":{"emulator":{"name":"functions"},"message":"[runtime-status] [1732] Disabled runtime features: undefined"}}
[debug] [2021-12-09T11:00:58.140Z] [runtime-status] [1732] Resolved module firebase-admin {"declared":true,"installed":true,"version":"9.12.0","resolution":"C:\\Users\\mrluk\\Desktop\\React Native\\MealsToGo\\MealsToGo\\functions\\node_modules\\firebase-admin\\lib\\index.js"} {"metadata":{"emulator":{"name":"functions"},"message":"[runtime-status] [1732] Resolved module firebase-admin {\"declared\":true,\"installed\":true,\"version\":\"9.12.0\",\"resolution\":\"C:\\\\Users\\\\mrluk\\\\Desktop\\\\React Native\\\\MealsToGo\\\\MealsToGo\\\\functions\\\\node_modules\\\\firebase-admin\\\\lib\\\\index.js\"}"}}
[debug] [2021-12-09T11:00:58.142Z] [runtime-status] [1732] Resolved module firebase-functions {"declared":true,"installed":true,"version":"3.16.0","resolution":"C:\\Users\\mrluk\\Desktop\\React Native\\MealsToGo\\MealsToGo\\functions\\node_modules\\firebase-functions\\lib\\index.js"} {"metadata":{"emulator":{"name":"functions"},"message":"[runtime-status] [1732] Resolved module firebase-functions {\"declared\":true,\"installed\":true,\"version\":\"3.16.0\",\"resolution\":\"C:\\\\Users\\\\mrluk\\\\Desktop\\\\React Native\\\\MealsToGo\\\\MealsToGo\\\\functions\\\\node_modules\\\\firebase-functions\\\\lib\\\\index.js\"}"}}
[debug] [2021-12-09T11:00:58.144Z] [runtime-status] [1732] Outgoing network have been stubbed. [{"name":"http","status":"mocked"},{"name":"http","status":"mocked"},{"name":"https","status":"mocked"},{"name":"https","status":"mocked"},{"name":"net","status":"mocked"}] {"metadata":{"emulator":{"name":"functions"},"message":"[runtime-status] [1732] Outgoing network have been stubbed. [{\"name\":\"http\",\"status\":\"mocked\"},{\"name\":\"http\",\"status\":\"mocked\"},{\"name\":\"https\",\"status\":\"mocked\"},{\"name\":\"https\",\"status\":\"mocked\"},{\"name\":\"net\",\"status\":\"mocked\"}]"}}
[debug] [2021-12-09T11:00:58.145Z] [runtime-status] [1732] Resolved module firebase-functions {"declared":true,"installed":true,"version":"3.16.0","resolution":"C:\\Users\\mrluk\\Desktop\\React Native\\MealsToGo\\MealsToGo\\functions\\node_modules\\firebase-functions\\lib\\index.js"} {"metadata":{"emulator":{"name":"functions"},"message":"[runtime-status] [1732] Resolved module firebase-functions {\"declared\":true,\"installed\":true,\"version\":\"3.16.0\",\"resolution\":\"C:\\\\Users\\\\mrluk\\\\Desktop\\\\React Native\\\\MealsToGo\\\\MealsToGo\\\\functions\\\\node_modules\\\\firebase-functions\\\\lib\\\\index.js\"}"}}
[debug] [2021-12-09T11:00:58.199Z] [runtime-status] [1732] Checked functions.config() {"config":{}} {"metadata":{"emulator":{"name":"functions"},"message":"[runtime-status] [1732] Checked functions.config() {\"config\":{}}"}}
[debug] [2021-12-09T11:00:58.199Z] [runtime-status] [1732] firebase-functions has been stubbed. {"functionsResolution":{"declared":true,"installed":true,"version":"3.16.0","resolution":"C:\\Users\\mrluk\\Desktop\\React Native\\MealsToGo\\MealsToGo\\functions\\node_modules\\firebase-functions\\lib\\index.js"}} {"metadata":{"emulator":{"name":"functions"},"message":"[runtime-status] [1732] firebase-functions has been stubbed. {\"functionsResolution\":{\"declared\":true,\"installed\":true,\"version\":\"3.16.0\",\"resolution\":\"C:\\\\Users\\\\mrluk\\\\Desktop\\\\React Native\\\\MealsToGo\\\\MealsToGo\\\\functions\\\\node_modules\\\\firebase-functions\\\\lib\\\\index.js\"}}"}}
[debug] [2021-12-09T11:00:58.200Z] [runtime-status] [1732] Resolved module firebase-functions {"declared":true,"installed":true,"version":"3.16.0","resolution":"C:\\Users\\mrluk\\Desktop\\React Native\\MealsToGo\\MealsToGo\\functions\\node_modules\\firebase-functions\\lib\\index.js"} {"metadata":{"emulator":{"name":"functions"},"message":"[runtime-status] [1732] Resolved module firebase-functions {\"declared\":true,\"installed\":true,\"version\":\"3.16.0\",\"resolution\":\"C:\\\\Users\\\\mrluk\\\\Desktop\\\\React Native\\\\MealsToGo\\\\MealsToGo\\\\functions\\\\node_modules\\\\firebase-functions\\\\lib\\\\index.js\"}"}}
[debug] [2021-12-09T11:00:58.201Z] [runtime-status] [1732] Resolved module firebase-admin {"declared":true,"installed":true,"version":"9.12.0","resolution":"C:\\Users\\mrluk\\Desktop\\React Native\\MealsToGo\\MealsToGo\\functions\\node_modules\\firebase-admin\\lib\\index.js"} {"metadata":{"emulator":{"name":"functions"},"message":"[runtime-status] [1732] Resolved module firebase-admin {\"declared\":true,\"installed\":true,\"version\":\"9.12.0\",\"resolution\":\"C:\\\\Users\\\\mrluk\\\\Desktop\\\\React Native\\\\MealsToGo\\\\MealsToGo\\\\functions\\\\node_modules\\\\firebase-admin\\\\lib\\\\index.js\"}"}}
[debug] [2021-12-09T11:00:58.201Z] [runtime-status] [1732] Resolved module firebase-functions {"declared":true,"installed":true,"version":"3.16.0","resolution":"C:\\Users\\mrluk\\Desktop\\React Native\\MealsToGo\\MealsToGo\\functions\\node_modules\\firebase-functions\\lib\\index.js"} {"metadata":{"emulator":{"name":"functions"},"message":"[runtime-status] [1732] Resolved module firebase-functions {\"declared\":true,\"installed\":true,\"version\":\"3.16.0\",\"resolution\":\"C:\\\\Users\\\\mrluk\\\\Desktop\\\\React Native\\\\MealsToGo\\\\MealsToGo\\\\functions\\\\node_modules\\\\firebase-functions\\\\lib\\\\index.js\"}"}}
[debug] [2021-12-09T11:00:58.202Z] [runtime-status] [1732] firebase-admin has been stubbed. {"adminResolution":{"declared":true,"installed":true,"version":"9.12.0","resolution":"C:\\Users\\mrluk\\Desktop\\React Native\\MealsToGo\\MealsToGo\\functions\\node_modules\\firebase-admin\\lib\\index.js"}} {"metadata":{"emulator":{"name":"functions"},"message":"[runtime-status] [1732] firebase-admin has been stubbed. {\"adminResolution\":{\"declared\":true,\"installed\":true,\"version\":\"9.12.0\",\"resolution\":\"C:\\\\Users\\\\mrluk\\\\Desktop\\\\React Native\\\\MealsToGo\\\\MealsToGo\\\\functions\\\\node_modules\\\\firebase-admin\\\\lib\\\\index.js\"}}"}}
[info] 
┌─────────────────────────────────────────────────────────────┐
│ ✔  All emulators ready! It is now safe to connect your app. │
│ i  View Emulator UI at http://localhost:4000                │
└─────────────────────────────────────────────────────────────┘

┌───────────┬────────────────┬─────────────────────────────────┐
│ Emulator  │ Host:Port      │ View in Emulator UI             │
├───────────┼────────────────┼─────────────────────────────────┤
│ Functions │ localhost:5001 │ http://localhost:4000/functions │
└───────────┴────────────────┴─────────────────────────────────┘
  Emulator Hub running at localhost:4400
  Other reserved ports: 4500

Issues? Report them at https://github.com/firebase/firebase-tools/issues and attach the *-debug.log files.
 
[debug] [2021-12-09T11:00:58.210Z] [worker-~diagnostic~-49dee504-9fcd-49e6-aa47-9187a4009f9e]: IDLE {"metadata":{"emulator":{"name":"functions"},"message":"[worker-~diagnostic~-49dee504-9fcd-49e6-aa47-9187a4009f9e]: IDLE"}}
[debug] [2021-12-09T11:04:13.912Z] File C:\Users\mrluk\Desktop\React Native\MealsToGo\MealsToGo\functions\index.js changed, reloading triggers {"metadata":{"emulator":{"name":"functions"},"message":"File C:\\Users\\mrluk\\Desktop\\React Native\\MealsToGo\\MealsToGo\\functions\\index.js changed, reloading triggers"}}
[debug] [2021-12-09T11:04:14.922Z] [worker-pool] Shutting down IDLE worker (~diagnostic~) {"metadata":{"emulator":{"name":"functions"},"message":"[worker-pool] Shutting down IDLE worker (~diagnostic~)"}}
[debug] [2021-12-09T11:04:14.922Z] [worker-~diagnostic~-49dee504-9fcd-49e6-aa47-9187a4009f9e]: FINISHING {"metadata":{"emulator":{"name":"functions"},"message":"[worker-~diagnostic~-49dee504-9fcd-49e6-aa47-9187a4009f9e]: FINISHING"}}
[debug] [2021-12-09T11:04:14.927Z] [worker-pool] addWorker(~diagnostic~) {"metadata":{"emulator":{"name":"functions"},"message":"[worker-pool] addWorker(~diagnostic~)"}}
[debug] [2021-12-09T11:04:14.927Z] [worker-pool] Adding worker with key ~diagnostic~, total=2 {"metadata":{"emulator":{"name":"functions"},"message":"[worker-pool] Adding worker with key ~diagnostic~, total=2"}}
[debug] [2021-12-09T11:04:14.927Z] [worker-pool] submitWork(triggerId=) {"metadata":{"emulator":{"name":"functions"},"message":"[worker-pool] submitWork(triggerId=)"}}
[debug] [2021-12-09T11:04:14.928Z] [worker-~diagnostic~-eec9e0a3-d865-4c75-9cee-20c10ac3e17f]: Assigning socketPath: \\?\pipe\C:\Users\mrluk\Desktop\React Native\MealsToGo\MealsToGo\functions\16232 {"metadata":{"emulator":{"name":"functions"},"message":"[worker-~diagnostic~-eec9e0a3-d865-4c75-9cee-20c10ac3e17f]: Assigning socketPath: \\\\?\\pipe\\C:\\Users\\mrluk\\Desktop\\React Native\\MealsToGo\\MealsToGo\\functions\\16232"}}
[debug] [2021-12-09T11:04:14.928Z] [worker-~diagnostic~-eec9e0a3-d865-4c75-9cee-20c10ac3e17f]: BUSY {"metadata":{"emulator":{"name":"functions"},"message":"[worker-~diagnostic~-eec9e0a3-d865-4c75-9cee-20c10ac3e17f]: BUSY"}}
[debug] [2021-12-09T11:04:14.928Z] [worker-~diagnostic~-49dee504-9fcd-49e6-aa47-9187a4009f9e]: exited {"metadata":{"emulator":{"name":"functions"},"message":"[worker-~diagnostic~-49dee504-9fcd-49e6-aa47-9187a4009f9e]: exited"}}
[debug] [2021-12-09T11:04:14.929Z] [worker-~diagnostic~-49dee504-9fcd-49e6-aa47-9187a4009f9e]: FINISHED {"metadata":{"emulator":{"name":"functions"},"message":"[worker-~diagnostic~-49dee504-9fcd-49e6-aa47-9187a4009f9e]: FINISHED"}}
[debug] [2021-12-09T11:04:15.075Z] [runtime-status] [16232] Functions runtime initialized. {"cwd":"C:\\Users\\mrluk\\Desktop\\React Native\\MealsToGo\\MealsToGo\\functions","node_version":"16.13.0"} {"metadata":{"emulator":{"name":"functions"},"message":"[runtime-status] [16232] Functions runtime initialized. {\"cwd\":\"C:\\\\Users\\\\mrluk\\\\Desktop\\\\React Native\\\\MealsToGo\\\\MealsToGo\\\\functions\",\"node_version\":\"16.13.0\"}"}}
[debug] [2021-12-09T11:04:15.076Z] [runtime-status] [16232] Disabled runtime features: undefined {"metadata":{"emulator":{"name":"functions"},"message":"[runtime-status] [16232] Disabled runtime features: undefined"}}
[debug] [2021-12-09T11:04:15.079Z] [runtime-status] [16232] Resolved module firebase-admin {"declared":true,"installed":true,"version":"9.12.0","resolution":"C:\\Users\\mrluk\\Desktop\\React Native\\MealsToGo\\MealsToGo\\functions\\node_modules\\firebase-admin\\lib\\index.js"} {"metadata":{"emulator":{"name":"functions"},"message":"[runtime-status] [16232] Resolved module firebase-admin {\"declared\":true,\"installed\":true,\"version\":\"9.12.0\",\"resolution\":\"C:\\\\Users\\\\mrluk\\\\Desktop\\\\React Native\\\\MealsToGo\\\\MealsToGo\\\\functions\\\\node_modules\\\\firebase-admin\\\\lib\\\\index.js\"}"}}
[debug] [2021-12-09T11:04:15.081Z] [runtime-status] [16232] Resolved module firebase-functions {"declared":true,"installed":true,"version":"3.16.0","resolution":"C:\\Users\\mrluk\\Desktop\\React Native\\MealsToGo\\MealsToGo\\functions\\node_modules\\firebase-functions\\lib\\index.js"} {"metadata":{"emulator":{"name":"functions"},"message":"[runtime-status] [16232] Resolved module firebase-functions {\"declared\":true,\"installed\":true,\"version\":\"3.16.0\",\"resolution\":\"C:\\\\Users\\\\mrluk\\\\Desktop\\\\React Native\\\\MealsToGo\\\\MealsToGo\\\\functions\\\\node_modules\\\\firebase-functions\\\\lib\\\\index.js\"}"}}
[debug] [2021-12-09T11:04:15.083Z] [runtime-status] [16232] Outgoing network have been stubbed. [{"name":"http","status":"mocked"},{"name":"http","status":"mocked"},{"name":"https","status":"mocked"},{"name":"https","status":"mocked"},{"name":"net","status":"mocked"}] {"metadata":{"emulator":{"name":"functions"},"message":"[runtime-status] [16232] Outgoing network have been stubbed. [{\"name\":\"http\",\"status\":\"mocked\"},{\"name\":\"http\",\"status\":\"mocked\"},{\"name\":\"https\",\"status\":\"mocked\"},{\"name\":\"https\",\"status\":\"mocked\"},{\"name\":\"net\",\"status\":\"mocked\"}]"}}
[debug] [2021-12-09T11:04:15.084Z] [runtime-status] [16232] Resolved module firebase-functions {"declared":true,"installed":true,"version":"3.16.0","resolution":"C:\\Users\\mrluk\\Desktop\\React Native\\MealsToGo\\MealsToGo\\functions\\node_modules\\firebase-functions\\lib\\index.js"} {"metadata":{"emulator":{"name":"functions"},"message":"[runtime-status] [16232] Resolved module firebase-functions {\"declared\":true,\"installed\":true,\"version\":\"3.16.0\",\"resolution\":\"C:\\\\Users\\\\mrluk\\\\Desktop\\\\React Native\\\\MealsToGo\\\\MealsToGo\\\\functions\\\\node_modules\\\\firebase-functions\\\\lib\\\\index.js\"}"}}
[debug] [2021-12-09T11:04:15.124Z] [runtime-status] [16232] Checked functions.config() {"config":{}} {"metadata":{"emulator":{"name":"functions"},"message":"[runtime-status] [16232] Checked functions.config() {\"config\":{}}"}}
[debug] [2021-12-09T11:04:15.125Z] [runtime-status] [16232] firebase-functions has been stubbed. {"functionsResolution":{"declared":true,"installed":true,"version":"3.16.0","resolution":"C:\\Users\\mrluk\\Desktop\\React Native\\MealsToGo\\MealsToGo\\functions\\node_modules\\firebase-functions\\lib\\index.js"}} {"metadata":{"emulator":{"name":"functions"},"message":"[runtime-status] [16232] firebase-functions has been stubbed. {\"functionsResolution\":{\"declared\":true,\"installed\":true,\"version\":\"3.16.0\",\"resolution\":\"C:\\\\Users\\\\mrluk\\\\Desktop\\\\React Native\\\\MealsToGo\\\\MealsToGo\\\\functions\\\\node_modules\\\\firebase-functions\\\\lib\\\\index.js\"}}"}}
[debug] [2021-12-09T11:04:15.126Z] [runtime-status] [16232] Resolved module firebase-functions {"declared":true,"installed":true,"version":"3.16.0","resolution":"C:\\Users\\mrluk\\Desktop\\React Native\\MealsToGo\\MealsToGo\\functions\\node_modules\\firebase-functions\\lib\\index.js"} {"metadata":{"emulator":{"name":"functions"},"message":"[runtime-status] [16232] Resolved module firebase-functions {\"declared\":true,\"installed\":true,\"version\":\"3.16.0\",\"resolution\":\"C:\\\\Users\\\\mrluk\\\\Desktop\\\\React Native\\\\MealsToGo\\\\MealsToGo\\\\functions\\\\node_modules\\\\firebase-functions\\\\lib\\\\index.js\"}"}}
[debug] [2021-12-09T11:04:15.127Z] [runtime-status] [16232] Resolved module firebase-admin {"declared":true,"installed":true,"version":"9.12.0","resolution":"C:\\Users\\mrluk\\Desktop\\React Native\\MealsToGo\\MealsToGo\\functions\\node_modules\\firebase-admin\\lib\\index.js"} {"metadata":{"emulator":{"name":"functions"},"message":"[runtime-status] [16232] Resolved module firebase-admin {\"declared\":true,\"installed\":true,\"version\":\"9.12.0\",\"resolution\":\"C:\\\\Users\\\\mrluk\\\\Desktop\\\\React Native\\\\MealsToGo\\\\MealsToGo\\\\functions\\\\node_modules\\\\firebase-admin\\\\lib\\\\index.js\"}"}}
[debug] [2021-12-09T11:04:15.128Z] [runtime-status] [16232] Resolved module firebase-functions {"declared":true,"installed":true,"version":"3.16.0","resolution":"C:\\Users\\mrluk\\Desktop\\React Native\\MealsToGo\\MealsToGo\\functions\\node_modules\\firebase-functions\\lib\\index.js"} {"metadata":{"emulator":{"name":"functions"},"message":"[runtime-status] [16232] Resolved module firebase-functions {\"declared\":true,\"installed\":true,\"version\":\"3.16.0\",\"resolution\":\"C:\\\\Users\\\\mrluk\\\\Desktop\\\\React Native\\\\MealsToGo\\\\MealsToGo\\\\functions\\\\node_modules\\\\firebase-functions\\\\lib\\\\index.js\"}"}}
[debug] [2021-12-09T11:04:15.128Z] [runtime-status] [16232] firebase-admin has been stubbed. {"adminResolution":{"declared":true,"installed":true,"version":"9.12.0","resolution":"C:\\Users\\mrluk\\Desktop\\React Native\\MealsToGo\\MealsToGo\\functions\\node_modules\\firebase-admin\\lib\\index.js"}} {"metadata":{"emulator":{"name":"functions"},"message":"[runtime-status] [16232] firebase-admin has been stubbed. {\"adminResolution\":{\"declared\":true,\"installed\":true,\"version\":\"9.12.0\",\"resolution\":\"C:\\\\Users\\\\mrluk\\\\Desktop\\\\React Native\\\\MealsToGo\\\\MealsToGo\\\\functions\\\\node_modules\\\\firebase-admin\\\\lib\\\\index.js\"}}"}}
[info] +  functions[us-central1-helloWorld]: http function initialized (http://localhost:5001/mealstogo-885bc/us-central1/helloWorld). {"metadata":{"emulator":{"name":"functions"},"message":"\u001b[1mhttp\u001b[22m function initialized (http://localhost:5001/mealstogo-885bc/us-central1/helloWorld)."}}
[debug] [2021-12-09T11:04:15.133Z] [worker-~diagnostic~-eec9e0a3-d865-4c75-9cee-20c10ac3e17f]: IDLE {"metadata":{"emulator":{"name":"functions"},"message":"[worker-~diagnostic~-eec9e0a3-d865-4c75-9cee-20c10ac3e17f]: IDLE"}}
[debug] [2021-12-09T11:06:08.089Z] [work-queue] {"queueLength":1,"workRunningCount":0}
[debug] [2021-12-09T11:06:08.089Z] [work-queue] {"queueLength":0,"workRunningCount":1}
[debug] [2021-12-09T11:06:08.090Z] Accepted request GET /mealstogo-885bc/us-central1/helloWorld --> us-central1-helloWorld
[debug] [2021-12-09T11:06:08.090Z] [worker-pool] Cleaned up workers for ~diagnostic~: 2 --> 1 {"metadata":{"emulator":{"name":"functions"},"message":"[worker-pool] Cleaned up workers for ~diagnostic~: 2 --> 1"}}
[debug] [2021-12-09T11:06:08.094Z] [worker-pool] addWorker(us-central1-helloWorld) {"metadata":{"emulator":{"name":"functions"},"message":"[worker-pool] addWorker(us-central1-helloWorld)"}}
[debug] [2021-12-09T11:06:08.094Z] [worker-pool] Adding worker with key us-central1-helloWorld, total=1 {"metadata":{"emulator":{"name":"functions"},"message":"[worker-pool] Adding worker with key us-central1-helloWorld, total=1"}}
[debug] [2021-12-09T11:06:08.095Z] [worker-pool] submitWork(triggerId=us-central1-helloWorld) {"metadata":{"emulator":{"name":"functions"},"message":"[worker-pool] submitWork(triggerId=us-central1-helloWorld)"}}
[debug] [2021-12-09T11:06:08.095Z] [worker-us-central1-helloWorld-f9221498-4891-476d-8228-49ada6531135]: Assigning socketPath: \\?\pipe\C:\Users\mrluk\Desktop\React Native\MealsToGo\MealsToGo\functions\21724 {"metadata":{"emulator":{"name":"functions"},"message":"[worker-us-central1-helloWorld-f9221498-4891-476d-8228-49ada6531135]: Assigning socketPath: \\\\?\\pipe\\C:\\Users\\mrluk\\Desktop\\React Native\\MealsToGo\\MealsToGo\\functions\\21724"}}
[debug] [2021-12-09T11:06:08.095Z] [worker-us-central1-helloWorld-f9221498-4891-476d-8228-49ada6531135]: BUSY {"metadata":{"emulator":{"name":"functions"},"message":"[worker-us-central1-helloWorld-f9221498-4891-476d-8228-49ada6531135]: BUSY"}}
[debug] [2021-12-09T11:06:08.244Z] [runtime-status] [21724] Functions runtime initialized. {"cwd":"C:\\Users\\mrluk\\Desktop\\React Native\\MealsToGo\\MealsToGo\\functions","node_version":"16.13.0"} {"metadata":{"emulator":{"name":"functions"},"function":{"name":"us-central1-helloWorld"},"message":"[runtime-status] [21724] Functions runtime initialized. {\"cwd\":\"C:\\\\Users\\\\mrluk\\\\Desktop\\\\React Native\\\\MealsToGo\\\\MealsToGo\\\\functions\",\"node_version\":\"16.13.0\"}"}}
[debug] [2021-12-09T11:06:08.245Z] [runtime-status] [21724] Disabled runtime features: undefined {"metadata":{"emulator":{"name":"functions"},"function":{"name":"us-central1-helloWorld"},"message":"[runtime-status] [21724] Disabled runtime features: undefined"}}
[debug] [2021-12-09T11:06:08.247Z] [runtime-status] [21724] Resolved module firebase-admin {"declared":true,"installed":true,"version":"9.12.0","resolution":"C:\\Users\\mrluk\\Desktop\\React Native\\MealsToGo\\MealsToGo\\functions\\node_modules\\firebase-admin\\lib\\index.js"} {"metadata":{"emulator":{"name":"functions"},"function":{"name":"us-central1-helloWorld"},"message":"[runtime-status] [21724] Resolved module firebase-admin {\"declared\":true,\"installed\":true,\"version\":\"9.12.0\",\"resolution\":\"C:\\\\Users\\\\mrluk\\\\Desktop\\\\React Native\\\\MealsToGo\\\\MealsToGo\\\\functions\\\\node_modules\\\\firebase-admin\\\\lib\\\\index.js\"}"}}
[debug] [2021-12-09T11:06:08.250Z] [runtime-status] [21724] Resolved module firebase-functions {"declared":true,"installed":true,"version":"3.16.0","resolution":"C:\\Users\\mrluk\\Desktop\\React Native\\MealsToGo\\MealsToGo\\functions\\node_modules\\firebase-functions\\lib\\index.js"} {"metadata":{"emulator":{"name":"functions"},"function":{"name":"us-central1-helloWorld"},"message":"[runtime-status] [21724] Resolved module firebase-functions {\"declared\":true,\"installed\":true,\"version\":\"3.16.0\",\"resolution\":\"C:\\\\Users\\\\mrluk\\\\Desktop\\\\React Native\\\\MealsToGo\\\\MealsToGo\\\\functions\\\\node_modules\\\\firebase-functions\\\\lib\\\\index.js\"}"}}
[debug] [2021-12-09T11:06:08.251Z] [runtime-status] [21724] Outgoing network have been stubbed. [{"name":"http","status":"mocked"},{"name":"http","status":"mocked"},{"name":"https","status":"mocked"},{"name":"https","status":"mocked"},{"name":"net","status":"mocked"}] {"metadata":{"emulator":{"name":"functions"},"function":{"name":"us-central1-helloWorld"},"message":"[runtime-status] [21724] Outgoing network have been stubbed. [{\"name\":\"http\",\"status\":\"mocked\"},{\"name\":\"http\",\"status\":\"mocked\"},{\"name\":\"https\",\"status\":\"mocked\"},{\"name\":\"https\",\"status\":\"mocked\"},{\"name\":\"net\",\"status\":\"mocked\"}]"}}
[debug] [2021-12-09T11:06:08.252Z] [runtime-status] [21724] Resolved module firebase-functions {"declared":true,"installed":true,"version":"3.16.0","resolution":"C:\\Users\\mrluk\\Desktop\\React Native\\MealsToGo\\MealsToGo\\functions\\node_modules\\firebase-functions\\lib\\index.js"} {"metadata":{"emulator":{"name":"functions"},"function":{"name":"us-central1-helloWorld"},"message":"[runtime-status] [21724] Resolved module firebase-functions {\"declared\":true,\"installed\":true,\"version\":\"3.16.0\",\"resolution\":\"C:\\\\Users\\\\mrluk\\\\Desktop\\\\React Native\\\\MealsToGo\\\\MealsToGo\\\\functions\\\\node_modules\\\\firebase-functions\\\\lib\\\\index.js\"}"}}
[debug] [2021-12-09T11:06:08.290Z] [runtime-status] [21724] Checked functions.config() {"config":{}} {"metadata":{"emulator":{"name":"functions"},"function":{"name":"us-central1-helloWorld"},"message":"[runtime-status] [21724] Checked functions.config() {\"config\":{}}"}}
[debug] [2021-12-09T11:06:08.291Z] [runtime-status] [21724] firebase-functions has been stubbed. {"functionsResolution":{"declared":true,"installed":true,"version":"3.16.0","resolution":"C:\\Users\\mrluk\\Desktop\\React Native\\MealsToGo\\MealsToGo\\functions\\node_modules\\firebase-functions\\lib\\index.js"}} {"metadata":{"emulator":{"name":"functions"},"function":{"name":"us-central1-helloWorld"},"message":"[runtime-status] [21724] firebase-functions has been stubbed. {\"functionsResolution\":{\"declared\":true,\"installed\":true,\"version\":\"3.16.0\",\"resolution\":\"C:\\\\Users\\\\mrluk\\\\Desktop\\\\React Native\\\\MealsToGo\\\\MealsToGo\\\\functions\\\\node_modules\\\\firebase-functions\\\\lib\\\\index.js\"}}"}}
[debug] [2021-12-09T11:06:08.291Z] [runtime-status] [21724] Resolved module firebase-functions {"declared":true,"installed":true,"version":"3.16.0","resolution":"C:\\Users\\mrluk\\Desktop\\React Native\\MealsToGo\\MealsToGo\\functions\\node_modules\\firebase-functions\\lib\\index.js"} {"metadata":{"emulator":{"name":"functions"},"function":{"name":"us-central1-helloWorld"},"message":"[runtime-status] [21724] Resolved module firebase-functions {\"declared\":true,\"installed\":true,\"version\":\"3.16.0\",\"resolution\":\"C:\\\\Users\\\\mrluk\\\\Desktop\\\\React Native\\\\MealsToGo\\\\MealsToGo\\\\functions\\\\node_modules\\\\firebase-functions\\\\lib\\\\index.js\"}"}}
[debug] [2021-12-09T11:06:08.293Z] [runtime-status] [21724] Resolved module firebase-admin {"declared":true,"installed":true,"version":"9.12.0","resolution":"C:\\Users\\mrluk\\Desktop\\React Native\\MealsToGo\\MealsToGo\\functions\\node_modules\\firebase-admin\\lib\\index.js"} {"metadata":{"emulator":{"name":"functions"},"function":{"name":"us-central1-helloWorld"},"message":"[runtime-status] [21724] Resolved module firebase-admin {\"declared\":true,\"installed\":true,\"version\":\"9.12.0\",\"resolution\":\"C:\\\\Users\\\\mrluk\\\\Desktop\\\\React Native\\\\MealsToGo\\\\MealsToGo\\\\functions\\\\node_modules\\\\firebase-admin\\\\lib\\\\index.js\"}"}}
[debug] [2021-12-09T11:06:08.293Z] [runtime-status] [21724] Resolved module firebase-functions {"declared":true,"installed":true,"version":"3.16.0","resolution":"C:\\Users\\mrluk\\Desktop\\React Native\\MealsToGo\\MealsToGo\\functions\\node_modules\\firebase-functions\\lib\\index.js"} {"metadata":{"emulator":{"name":"functions"},"function":{"name":"us-central1-helloWorld"},"message":"[runtime-status] [21724] Resolved module firebase-functions {\"declared\":true,\"installed\":true,\"version\":\"3.16.0\",\"resolution\":\"C:\\\\Users\\\\mrluk\\\\Desktop\\\\React Native\\\\MealsToGo\\\\MealsToGo\\\\functions\\\\node_modules\\\\firebase-functions\\\\lib\\\\index.js\"}"}}
[debug] [2021-12-09T11:06:08.293Z] [runtime-status] [21724] firebase-admin has been stubbed. {"adminResolution":{"declared":true,"installed":true,"version":"9.12.0","resolution":"C:\\Users\\mrluk\\Desktop\\React Native\\MealsToGo\\MealsToGo\\functions\\node_modules\\firebase-admin\\lib\\index.js"}} {"metadata":{"emulator":{"name":"functions"},"function":{"name":"us-central1-helloWorld"},"message":"[runtime-status] [21724] firebase-admin has been stubbed. {\"adminResolution\":{\"declared\":true,\"installed\":true,\"version\":\"9.12.0\",\"resolution\":\"C:\\\\Users\\\\mrluk\\\\Desktop\\\\React Native\\\\MealsToGo\\\\MealsToGo\\\\functions\\\\node_modules\\\\firebase-admin\\\\lib\\\\index.js\"}}"}}
[debug] [2021-12-09T11:06:08.295Z] [runtime-status] [21724] Trigger "us-central1-helloWorld" has been found, beginning invocation! {"metadata":{"emulator":{"name":"functions"},"function":{"name":"us-central1-helloWorld"},"message":"[runtime-status] [21724] Trigger \"us-central1-helloWorld\" has been found, beginning invocation!"}}
[info] i  functions: Beginning execution of "us-central1-helloWorld" {"metadata":{"emulator":{"name":"functions"},"function":{"name":"us-central1-helloWorld"},"message":"Beginning execution of \"us-central1-helloWorld\""}}
[debug] [2021-12-09T11:06:08.296Z] [runtime-status] [21724] triggerDefinition {"httpsTrigger":{},"name":"helloWorld","entryPoint":"helloWorld","regions":["us-central1"],"region":"us-central1","id":"us-central1-helloWorld"} {"metadata":{"emulator":{"name":"functions"},"function":{"name":"us-central1-helloWorld"},"message":"[runtime-status] [21724] triggerDefinition {\"httpsTrigger\":{},\"name\":\"helloWorld\",\"entryPoint\":\"helloWorld\",\"regions\":[\"us-central1\"],\"region\":\"us-central1\",\"id\":\"us-central1-helloWorld\"}"}}
[debug] [2021-12-09T11:06:08.297Z] [runtime-status] [21724] Running us-central1-helloWorld in signature http {"metadata":{"emulator":{"name":"functions"},"function":{"name":"us-central1-helloWorld"},"message":"[runtime-status] [21724] Running us-central1-helloWorld in signature http"}}
[debug] [2021-12-09T11:06:08.299Z] [runtime-status] [21724] Attempting to listen to socketPath: \\?\pipe\C:\Users\mrluk\Desktop\React Native\MealsToGo\MealsToGo\functions\21724 {"metadata":{"emulator":{"name":"functions"},"function":{"name":"us-central1-helloWorld"},"message":"[runtime-status] [21724] Attempting to listen to socketPath: \\\\?\\pipe\\C:\\Users\\mrluk\\Desktop\\React Native\\MealsToGo\\MealsToGo\\functions\\21724"}}
[debug] [2021-12-09T11:06:08.301Z] [functions] Runtime ready! Sending request! {"metadata":{"emulator":{"name":"functions"},"message":"[functions] Runtime ready! Sending request!"}}
[debug] [2021-12-09T11:06:08.301Z] [functions] Got req.url=/mealstogo-885bc/us-central1/helloWorld, mapping to path=/ {"metadata":{"emulator":{"name":"functions"},"message":"[functions] Got req.url=/mealstogo-885bc/us-central1/helloWorld, mapping to path=/"}}
[debug] [2021-12-09T11:06:08.306Z] [runtime-status] [21724] Ephemeral server handling GET request {"metadata":{"emulator":{"name":"functions"},"function":{"name":"us-central1-helloWorld"},"message":"[runtime-status] [21724] Ephemeral server handling GET request"}}
[info] >  {"structuredData":true,"severity":"INFO","message":"Hello logs!"} {"user":{"structuredData":true,"severity":"INFO","message":"Hello logs!"},"metadata":{"emulator":{"name":"functions"},"function":{"name":"us-central1-helloWorld"},"message":"\u001b[90m> \u001b[39m {\"structuredData\":true,\"severity\":\"INFO\",\"message\":\"Hello logs!\"}"}}
[debug] [2021-12-09T11:06:08.310Z] [runtime-status] [21724] Ephemeral server survived. {"metadata":{"emulator":{"name":"functions"},"function":{"name":"us-central1-helloWorld"},"message":"[runtime-status] [21724] Ephemeral server survived."}}
[info] i  functions: Finished "us-central1-helloWorld" in ~1s {"metadata":{"emulator":{"name":"functions"},"function":{"name":"us-central1-helloWorld"},"message":"Finished \"us-central1-helloWorld\" in ~1s"}}
[debug] [2021-12-09T11:06:08.313Z] [worker-us-central1-helloWorld-f9221498-4891-476d-8228-49ada6531135]: IDLE {"metadata":{"emulator":{"name":"functions"},"message":"[worker-us-central1-helloWorld-f9221498-4891-476d-8228-49ada6531135]: IDLE"}}
[debug] [2021-12-09T11:06:08.313Z] [work-queue] {"queueLength":0,"workRunningCount":0}
[debug] [2021-12-09T11:06:08.362Z] Functions emulator received unknown request at path /favicon.ico
